# JRE version: OpenJDK Runtime Environment Temurin-17.0.8.1+1 (17.0.8.1+1) (build 17.0.8.1+1)
# Java VM: OpenJDK Client VM Temurin-17.0.8.1+1 (17.0.8.1+1, mixed mode, emulated-client, serial gc, windows-x86)
GC Precious Log:
 CPUs: 6 total, 6 available
 Memory: 16326M
 Large Page Support: Disabled
 NUMA Support: Disabled
 Compressed Oops: Disabled
 Heap Min Capacity: 6M
 Heap Initial Capacity: 16M
 Heap Max Capacity: 1024M
 Pre-touch: Disabled
Heap:
 def new generation   total 210816K, used 169409K [0x05200000, 0x136c0000, 0x1a750000)
  eden space 187392K,  84% used [0x05200000, 0x0ec35ac0, 0x10900000)
  from space 23424K,  49% used [0x10900000, 0x11440280, 0x11fe0000)
  to   space 23424K,   0% used [0x11fe0000, 0x11fe0000, 0x136c0000)
 tenured generation   total 467972K, used 385288K [0x1a750000, 0x37051000, 0x45200000)
   the space 467972K,  82% used [0x1a750000, 0x31f92180, 0x31f92200, 0x37051000)
 Metaspace       used 67858K, committed 68480K, reserved 81920K
GC Heap History (20 events):
Event: 563.999 GC heap before
{Heap before GC invocations=96 (full 10):
 def new generation   total 210816K, used 200850K [0x05200000, 0x136c0000, 0x1a750000)
  eden space 187392K, 100% used [0x05200000, 0x10900000, 0x10900000)
  from space 23424K,  57% used [0x10900000, 0x116248b8, 0x11fe0000)
  to   space 23424K,   0% used [0x11fe0000, 0x11fe0000, 0x136c0000)
 tenured generation   total 467972K, used 359739K [0x1a750000, 0x37051000, 0x45200000)
   the space 467972K,  76% used [0x1a750000, 0x3069efe8, 0x3069f000, 0x37051000)
 Metaspace       used 67362K, committed 67968K, reserved 81920K
}
Event: 564.032 GC heap after
{Heap after GC invocations=97 (full 10):
 def new generation   total 210816K, used 15330K [0x05200000, 0x136c0000, 0x1a750000)
  eden space 187392K,   0% used [0x05200000, 0x05200000, 0x10900000)
  from space 23424K,  65% used [0x11fe0000, 0x12ed8a70, 0x136c0000)
  to   space 23424K,   0% used [0x10900000, 0x10900000, 0x11fe0000)
 tenured generation   total 467972K, used 363552K [0x1a750000, 0x37051000, 0x45200000)
   the space 467972K,  77% used [0x1a750000, 0x30a58230, 0x30a58400, 0x37051000)
 Metaspace       used 67362K, committed 67968K, reserved 81920K
}
Event: 564.359 GC heap before
{Heap before GC invocations=97 (full 10):
 def new generation   total 210816K, used 202722K [0x05200000, 0x136c0000, 0x1a750000)
  eden space 187392K, 100% used [0x05200000, 0x10900000, 0x10900000)
  from space 23424K,  65% used [0x11fe0000, 0x12ed8ac0, 0x136c0000)
  to   space 23424K,   0% used [0x10900000, 0x10900000, 0x11fe0000)
 tenured generation   total 467972K, used 363552K [0x1a750000, 0x37051000, 0x45200000)
   the space 467972K,  77% used [0x1a750000, 0x30a58230, 0x30a58400, 0x37051000)
 Metaspace       used 67362K, committed 67968K, reserved 81920K
}
Event: 564.386 GC heap after
{Heap after GC invocations=98 (full 10):
 def new generation   total 210816K, used 10224K [0x05200000, 0x136c0000, 0x1a750000)
  eden space 187392K,   0% used [0x05200000, 0x05200000, 0x10900000)
  from space 23424K,  43% used [0x10900000, 0x112fc038, 0x11fe0000)
  to   space 23424K,   0% used [0x11fe0000, 0x11fe0000, 0x136c0000)
 tenured generation   total 467972K, used 371207K [0x1a750000, 0x37051000, 0x45200000)
   the space 467972K,  79% used [0x1a750000, 0x311d1de0, 0x311d1e00, 0x37051000)
 Metaspace       used 67362K, committed 67968K, reserved 81920K
}
Event: 564.715 GC heap before
{Heap before GC invocations=98 (full 10):
 def new generation   total 210816K, used 197616K [0x05200000, 0x136c0000, 0x1a750000)
  eden space 187392K, 100% used [0x05200000, 0x10900000, 0x10900000)
  from space 23424K,  43% used [0x10900000, 0x112fc038, 0x11fe0000)
  to   space 23424K,   0% used [0x11fe0000, 0x11fe0000, 0x136c0000)
 tenured generation   total 467972K, used 371207K [0x1a750000, 0x37051000, 0x45200000)
   the space 467972K,  79% used [0x1a750000, 0x311d1de0, 0x311d1e00, 0x37051000)
 Metaspace       used 67362K, committed 67968K, reserved 81920K
}
Event: 564.735 GC heap after
{Heap after GC invocations=99 (full 10):
 def new generation   total 210816K, used 12007K [0x05200000, 0x136c0000, 0x1a750000)
  eden space 187392K,   0% used [0x05200000, 0x05200000, 0x10900000)
  from space 23424K,  51% used [0x11fe0000, 0x12b99e38, 0x136c0000)
  to   space 23424K,   0% used [0x10900000, 0x10900000, 0x11fe0000)
 tenured generation   total 467972K, used 371207K [0x1a750000, 0x37051000, 0x45200000)
   the space 467972K,  79% used [0x1a750000, 0x311d1de0, 0x311d1e00, 0x37051000)
 Metaspace       used 67362K, committed 67968K, reserved 81920K
}
Event: 565.085 GC heap before
{Heap before GC invocations=99 (full 10):
 def new generation   total 210816K, used 199399K [0x05200000, 0x136c0000, 0x1a750000)
  eden space 187392K, 100% used [0x05200000, 0x10900000, 0x10900000)
  from space 23424K,  51% used [0x11fe0000, 0x12b99e38, 0x136c0000)
  to   space 23424K,   0% used [0x10900000, 0x10900000, 0x11fe0000)
 tenured generation   total 467972K, used 371207K [0x1a750000, 0x37051000, 0x45200000)
   the space 467972K,  79% used [0x1a750000, 0x311d1de0, 0x311d1e00, 0x37051000)
 Metaspace       used 67362K, committed 67968K, reserved 81920K
}
Event: 565.108 GC heap after
{Heap after GC invocations=100 (full 10):
 def new generation   total 210816K, used 7700K [0x05200000, 0x136c0000, 0x1a750000)
  eden space 187392K,   0% used [0x05200000, 0x05200000, 0x10900000)
  from space 23424K,  32% used [0x10900000, 0x110853e8, 0x11fe0000)
  to   space 23424K,   0% used [0x11fe0000, 0x11fe0000, 0x136c0000)
 tenured generation   total 467972K, used 377493K [0x1a750000, 0x37051000, 0x45200000)
   the space 467972K,  80% used [0x1a750000, 0x317f5660, 0x317f5800, 0x37051000)
 Metaspace       used 67362K, committed 67968K, reserved 81920K
}
Event: 565.518 GC heap before
{Heap before GC invocations=100 (full 10):
 def new generation   total 210816K, used 195092K [0x05200000, 0x136c0000, 0x1a750000)
  eden space 187392K, 100% used [0x05200000, 0x10900000, 0x10900000)
  from space 23424K,  32% used [0x10900000, 0x110853e8, 0x11fe0000)
  to   space 23424K,   0% used [0x11fe0000, 0x11fe0000, 0x136c0000)
 tenured generation   total 467972K, used 377493K [0x1a750000, 0x37051000, 0x45200000)
   the space 467972K,  80% used [0x1a750000, 0x317f5660, 0x317f5800, 0x37051000)
 Metaspace       used 67362K, committed 67968K, reserved 81920K
}
Event: 565.536 GC heap after
{Heap after GC invocations=101 (full 10):
 def new generation   total 210816K, used 8229K [0x05200000, 0x136c0000, 0x1a750000)
  eden space 187392K,   0% used [0x05200000, 0x05200000, 0x10900000)
  from space 23424K,  35% used [0x11fe0000, 0x127e9450, 0x136c0000)
  to   space 23424K,   0% used [0x10900000, 0x10900000, 0x11fe0000)
 tenured generation   total 467972K, used 377493K [0x1a750000, 0x37051000, 0x45200000)
   the space 467972K,  80% used [0x1a750000, 0x317f5660, 0x317f5800, 0x37051000)
 Metaspace       used 67362K, committed 67968K, reserved 81920K
}
Event: 565.955 GC heap before
{Heap before GC invocations=101 (full 10):
 def new generation   total 210816K, used 195621K [0x05200000, 0x136c0000, 0x1a750000)
  eden space 187392K, 100% used [0x05200000, 0x10900000, 0x10900000)
  from space 23424K,  35% used [0x11fe0000, 0x127e9450, 0x136c0000)
  to   space 23424K,   0% used [0x10900000, 0x10900000, 0x11fe0000)
 tenured generation   total 467972K, used 377493K [0x1a750000, 0x37051000, 0x45200000)
   the space 467972K,  80% used [0x1a750000, 0x317f5660, 0x317f5800, 0x37051000)
 Metaspace       used 67362K, committed 67968K, reserved 81920K
}
Event: 565.974 GC heap after
{Heap after GC invocations=102 (full 10):
 def new generation   total 210816K, used 10188K [0x05200000, 0x136c0000, 0x1a750000)
  eden space 187392K,   0% used [0x05200000, 0x05200000, 0x10900000)
  from space 23424K,  43% used [0x10900000, 0x112f32d0, 0x11fe0000)
  to   space 23424K,   0% used [0x11fe0000, 0x11fe0000, 0x136c0000)
 tenured generation   total 467972K, used 377493K [0x1a750000, 0x37051000, 0x45200000)
   the space 467972K,  80% used [0x1a750000, 0x317f5660, 0x317f5800, 0x37051000)
 Metaspace       used 67362K, committed 67968K, reserved 81920K
}
Event: 566.400 GC heap before
{Heap before GC invocations=102 (full 10):
 def new generation   total 210816K, used 197580K [0x05200000, 0x136c0000, 0x1a750000)
  eden space 187392K, 100% used [0x05200000, 0x10900000, 0x10900000)
  from space 23424K,  43% used [0x10900000, 0x112f32d0, 0x11fe0000)
  to   space 23424K,   0% used [0x11fe0000, 0x11fe0000, 0x136c0000)
 tenured generation   total 467972K, used 377493K [0x1a750000, 0x37051000, 0x45200000)
   the space 467972K,  80% used [0x1a750000, 0x317f5660, 0x317f5800, 0x37051000)
 Metaspace       used 67362K, committed 67968K, reserved 81920K
}
Event: 566.422 GC heap after
{Heap after GC invocations=103 (full 10):
 def new generation   total 210816K, used 12098K [0x05200000, 0x136c0000, 0x1a750000)
  eden space 187392K,   0% used [0x05200000, 0x05200000, 0x10900000)
  from space 23424K,  51% used [0x11fe0000, 0x12bb09c0, 0x136c0000)
  to   space 23424K,   0% used [0x10900000, 0x10900000, 0x11fe0000)
 tenured generation   total 467972K, used 377493K [0x1a750000, 0x37051000, 0x45200000)
   the space 467972K,  80% used [0x1a750000, 0x317f5660, 0x317f5800, 0x37051000)
 Metaspace       used 67362K, committed 67968K, reserved 81920K
}
Event: 566.912 GC heap before
{Heap before GC invocations=103 (full 10):
 def new generation   total 210816K, used 199490K [0x05200000, 0x136c0000, 0x1a750000)
  eden space 187392K, 100% used [0x05200000, 0x10900000, 0x10900000)
  from space 23424K,  51% used [0x11fe0000, 0x12bb09c0, 0x136c0000)
  to   space 23424K,   0% used [0x10900000, 0x10900000, 0x11fe0000)
 tenured generation   total 467972K, used 377493K [0x1a750000, 0x37051000, 0x45200000)
   the space 467972K,  80% used [0x1a750000, 0x317f5660, 0x317f5800, 0x37051000)
 Metaspace       used 67365K, committed 67968K, reserved 81920K
}
Event: 566.940 GC heap after
{Heap after GC invocations=104 (full 10):
 def new generation   total 210816K, used 13384K [0x05200000, 0x136c0000, 0x1a750000)
  eden space 187392K,   0% used [0x05200000, 0x05200000, 0x10900000)
  from space 23424K,  57% used [0x10900000, 0x11612188, 0x11fe0000)
  to   space 23424K,   0% used [0x11fe0000, 0x11fe0000, 0x136c0000)
 tenured generation   total 467972K, used 379345K [0x1a750000, 0x37051000, 0x45200000)
   the space 467972K,  81% used [0x1a750000, 0x319c4438, 0x319c4600, 0x37051000)
 Metaspace       used 67365K, committed 67968K, reserved 81920K
}
Event: 567.597 GC heap before
{Heap before GC invocations=104 (full 10):
 def new generation   total 210816K, used 200776K [0x05200000, 0x136c0000, 0x1a750000)
  eden space 187392K, 100% used [0x05200000, 0x10900000, 0x10900000)
  from space 23424K,  57% used [0x10900000, 0x11612188, 0x11fe0000)
  to   space 23424K,   0% used [0x11fe0000, 0x11fe0000, 0x136c0000)
 tenured generation   total 467972K, used 379345K [0x1a750000, 0x37051000, 0x45200000)
   the space 467972K,  81% used [0x1a750000, 0x319c4438, 0x319c4600, 0x37051000)
 Metaspace       used 67365K, committed 67968K, reserved 81920K
}
Event: 567.624 GC heap after
{Heap after GC invocations=105 (full 10):
 def new generation   total 210816K, used 12075K [0x05200000, 0x136c0000, 0x1a750000)
  eden space 187392K,   0% used [0x05200000, 0x05200000, 0x10900000)
  from space 23424K,  51% used [0x11fe0000, 0x12baae58, 0x136c0000)
  to   space 23424K,   0% used [0x10900000, 0x10900000, 0x11fe0000)
 tenured generation   total 467972K, used 383113K [0x1a750000, 0x37051000, 0x45200000)
   the space 467972K,  81% used [0x1a750000, 0x31d727a0, 0x31d72800, 0x37051000)
 Metaspace       used 67365K, committed 67968K, reserved 81920K
}
Event: 568.281 GC heap before
{Heap before GC invocations=105 (full 10):
 def new generation   total 210816K, used 199467K [0x05200000, 0x136c0000, 0x1a750000)
  eden space 187392K, 100% used [0x05200000, 0x10900000, 0x10900000)
  from space 23424K,  51% used [0x11fe0000, 0x12baae58, 0x136c0000)
  to   space 23424K,   0% used [0x10900000, 0x10900000, 0x11fe0000)
 tenured generation   total 467972K, used 383113K [0x1a750000, 0x37051000, 0x45200000)
   the space 467972K,  81% used [0x1a750000, 0x31d727a0, 0x31d72800, 0x37051000)
 Metaspace       used 67365K, committed 67968K, reserved 81920K
}
Event: 568.307 GC heap after
{Heap after GC invocations=106 (full 10):
 def new generation   total 210816K, used 11520K [0x05200000, 0x136c0000, 0x1a750000)
  eden space 187392K,   0% used [0x05200000, 0x05200000, 0x10900000)
  from space 23424K,  49% used [0x10900000, 0x11440280, 0x11fe0000)
  to   space 23424K,   0% used [0x11fe0000, 0x11fe0000, 0x136c0000)
 tenured generation   total 467972K, used 385288K [0x1a750000, 0x37051000, 0x45200000)
   the space 467972K,  82% used [0x1a750000, 0x31f92180, 0x31f92200, 0x37051000)
 Metaspace       used 67365K, committed 67968K, reserved 81920K
}

